[0m16:14:37.988611 [debug] [MainThread]: Sending event: {'category': 'dbt', 'action': 'invocation', 'label': 'start', 'context': [<snowplow_tracker.self_describing_json.SelfDescribingJson object at 0x7fbfca000550>, <snowplow_tracker.self_describing_json.SelfDescribingJson object at 0x7fbfca7462c0>, <snowplow_tracker.self_describing_json.SelfDescribingJson object at 0x7fbfc7e555a0>]}


============================== 16:14:38.001747 | cb4d0a00-117b-4296-aa78-57c320ff333e ==============================
[0m16:14:38.001747 [info ] [MainThread]: Running with dbt=1.7.13
[0m16:14:38.005046 [debug] [MainThread]: running dbt with arguments {'printer_width': '80', 'indirect_selection': 'eager', 'log_cache_events': 'False', 'write_json': 'True', 'partial_parse': 'True', 'cache_selected_only': 'False', 'warn_error': 'None', 'debug': 'False', 'fail_fast': 'False', 'log_path': 'logs', 'profiles_dir': '/home/codespace/.dbt', 'version_check': 'True', 'use_colors': 'True', 'use_experimental_parser': 'False', 'no_print': 'None', 'quiet': 'False', 'warn_error_options': 'WarnErrorOptions(include=[], exclude=[])', 'invocation_command': 'dbt init', 'static_parser': 'True', 'introspect': 'True', 'target_path': 'None', 'log_format': 'default', 'send_anonymous_usage_stats': 'True'}
[0m16:14:47.999630 [debug] [MainThread]: Starter project path: /workspaces/dw-and-bi/Capstone-project/ENV/lib/python3.10/site-packages/dbt/include/starter_project
[0m16:14:48.015571 [info ] [MainThread]: 
Your new dbt project "capstone" was created!

For more information on how to configure the profiles.yml file,
please consult the dbt documentation here:

  https://docs.getdbt.com/docs/configure-your-profile

One more thing:

Need help? Don't hesitate to reach out to us via GitHub issues or on Slack:

  https://community.getdbt.com/

Happy modeling!

[0m16:14:48.017935 [info ] [MainThread]: Setting up your profile.
[0m16:25:57.568074 [debug] [MainThread]: Sending event: {'category': 'dbt', 'action': 'invocation', 'label': 'start', 'context': [<snowplow_tracker.self_describing_json.SelfDescribingJson object at 0x7fadba9ec550>, <snowplow_tracker.self_describing_json.SelfDescribingJson object at 0x7fadbb1422c0>, <snowplow_tracker.self_describing_json.SelfDescribingJson object at 0x7fadb88515a0>]}


============================== 16:25:57.580199 | 30f3f88f-b11c-4041-917b-0ee79a9968ff ==============================
[0m16:25:57.580199 [info ] [MainThread]: Running with dbt=1.7.13
[0m16:25:57.582026 [debug] [MainThread]: running dbt with arguments {'printer_width': '80', 'indirect_selection': 'eager', 'log_cache_events': 'False', 'write_json': 'True', 'partial_parse': 'True', 'cache_selected_only': 'False', 'profiles_dir': '/home/codespace/.dbt', 'version_check': 'True', 'warn_error': 'None', 'log_path': 'logs', 'debug': 'False', 'fail_fast': 'False', 'use_colors': 'True', 'use_experimental_parser': 'False', 'no_print': 'None', 'quiet': 'False', 'log_format': 'default', 'introspect': 'True', 'invocation_command': 'dbt init', 'warn_error_options': 'WarnErrorOptions(include=[], exclude=[])', 'target_path': 'None', 'static_parser': 'True', 'send_anonymous_usage_stats': 'True'}
[0m16:26:06.957102 [debug] [MainThread]: Starter project path: /workspaces/dw-and-bi/Capstone-project/ENV/lib/python3.10/site-packages/dbt/include/starter_project
[0m16:26:06.978521 [info ] [MainThread]: 
Your new dbt project "projectcapstone" was created!

For more information on how to configure the profiles.yml file,
please consult the dbt documentation here:

  https://docs.getdbt.com/docs/configure-your-profile

One more thing:

Need help? Don't hesitate to reach out to us via GitHub issues or on Slack:

  https://community.getdbt.com/

Happy modeling!

[0m16:26:06.990057 [info ] [MainThread]: Setting up your profile.
[0m16:29:29.052957 [info ] [MainThread]: Profile projectcapstone written to /home/codespace/.dbt/profiles.yml using target's profile_template.yml and your supplied values. Run 'dbt debug' to validate the connection.
[0m16:29:29.061700 [debug] [MainThread]: Resource report: {"command_name": "init", "command_success": true, "command_wall_clock_time": 211.60535, "process_user_time": 4.809606, "process_kernel_time": 0.270309, "process_mem_max_rss": "207792", "process_in_blocks": "8856", "process_out_blocks": "80"}
[0m16:29:29.062868 [debug] [MainThread]: Command `dbt init` succeeded at 16:29:29.062464 after 211.61 seconds
[0m16:29:29.063927 [debug] [MainThread]: Sending event: {'category': 'dbt', 'action': 'invocation', 'label': 'end', 'context': [<snowplow_tracker.self_describing_json.SelfDescribingJson object at 0x7fadba9ec550>, <snowplow_tracker.self_describing_json.SelfDescribingJson object at 0x7fada98d0e50>, <snowplow_tracker.self_describing_json.SelfDescribingJson object at 0x7fadb8853130>]}
[0m16:29:29.064728 [debug] [MainThread]: Flushing usage events
[0m12:45:42.066690 [debug] [MainThread]: Sending event: {'category': 'dbt', 'action': 'invocation', 'label': 'start', 'context': [<snowplow_tracker.self_describing_json.SelfDescribingJson object at 0x7f797c72f850>, <snowplow_tracker.self_describing_json.SelfDescribingJson object at 0x7f797ce82230>, <snowplow_tracker.self_describing_json.SelfDescribingJson object at 0x7f797a590c70>]}


============================== 12:45:42.084809 | 0c13ed63-c65c-46be-86b1-0dbd786568b3 ==============================
[0m12:45:42.084809 [info ] [MainThread]: Running with dbt=1.7.13
[0m12:45:42.085912 [debug] [MainThread]: running dbt with arguments {'printer_width': '80', 'indirect_selection': 'eager', 'log_cache_events': 'False', 'write_json': 'True', 'partial_parse': 'True', 'cache_selected_only': 'False', 'warn_error': 'None', 'version_check': 'True', 'profiles_dir': '/home/codespace/.dbt', 'log_path': 'logs', 'debug': 'False', 'fail_fast': 'False', 'use_colors': 'True', 'use_experimental_parser': 'False', 'no_print': 'None', 'quiet': 'False', 'log_format': 'default', 'static_parser': 'True', 'introspect': 'True', 'invocation_command': 'dbt init', 'target_path': 'None', 'warn_error_options': 'WarnErrorOptions(include=[], exclude=[])', 'send_anonymous_usage_stats': 'True'}
[0m07:36:04.944648 [debug] [MainThread]: Sending event: {'category': 'dbt', 'action': 'invocation', 'label': 'start', 'context': [<snowplow_tracker.self_describing_json.SelfDescribingJson object at 0x7f9c188afaf0>, <snowplow_tracker.self_describing_json.SelfDescribingJson object at 0x7f9c166cbb20>, <snowplow_tracker.self_describing_json.SelfDescribingJson object at 0x7f9c166cbac0>]}


============================== 07:36:04.976027 | c63a7906-da5b-432e-9f70-d6e21094c18c ==============================
[0m07:36:04.976027 [info ] [MainThread]: Running with dbt=1.7.13
[0m07:36:04.977356 [debug] [MainThread]: running dbt with arguments {'printer_width': '80', 'indirect_selection': 'eager', 'log_cache_events': 'False', 'write_json': 'True', 'partial_parse': 'True', 'cache_selected_only': 'False', 'warn_error': 'None', 'version_check': 'True', 'profiles_dir': '/home/codespace/.dbt', 'log_path': 'logs', 'debug': 'False', 'fail_fast': 'False', 'use_colors': 'True', 'use_experimental_parser': 'False', 'no_print': 'None', 'quiet': 'False', 'warn_error_options': 'WarnErrorOptions(include=[], exclude=[])', 'invocation_command': 'dbt init', 'log_format': 'default', 'static_parser': 'True', 'target_path': 'None', 'introspect': 'True', 'send_anonymous_usage_stats': 'True'}
[0m07:36:04.978541 [warn ] [MainThread]: [ConfigFolderDirectory]: Unable to parse dict {'dir': PosixPath('/home/codespace/.dbt')}
[0m07:36:04.979621 [info ] [MainThread]: Creating dbt configuration folder at 
[0m07:39:50.770368 [info ] [MainThread]: A project called projectcapstone already exists here.
[0m07:39:50.779019 [debug] [MainThread]: Resource report: {"command_name": "init", "command_success": true, "command_wall_clock_time": 225.84009, "process_user_time": 3.477518, "process_kernel_time": 0.107406, "process_mem_max_rss": "104392", "process_in_blocks": "136", "process_out_blocks": "160"}
[0m07:39:50.780027 [debug] [MainThread]: Command `dbt init` succeeded at 07:39:50.779786 after 225.84 seconds
[0m07:39:50.780805 [debug] [MainThread]: Sending event: {'category': 'dbt', 'action': 'invocation', 'label': 'end', 'context': [<snowplow_tracker.self_describing_json.SelfDescribingJson object at 0x7f9c188afaf0>, <snowplow_tracker.self_describing_json.SelfDescribingJson object at 0x7f9c166cbe20>, <snowplow_tracker.self_describing_json.SelfDescribingJson object at 0x7f9c166cbb80>]}
[0m07:39:50.781609 [debug] [MainThread]: Flushing usage events
[0m07:40:09.653319 [debug] [MainThread]: Sending event: {'category': 'dbt', 'action': 'invocation', 'label': 'start', 'context': [<snowplow_tracker.self_describing_json.SelfDescribingJson object at 0x7efc009e0550>, <snowplow_tracker.self_describing_json.SelfDescribingJson object at 0x7efbfe80fb20>, <snowplow_tracker.self_describing_json.SelfDescribingJson object at 0x7efbfe80fac0>]}


============================== 07:40:09.657898 | bb2531dc-d4de-4446-b33b-5270acfe4aa9 ==============================
[0m07:40:09.657898 [info ] [MainThread]: Running with dbt=1.7.13
[0m07:40:09.659261 [debug] [MainThread]: running dbt with arguments {'printer_width': '80', 'indirect_selection': 'eager', 'write_json': 'True', 'log_cache_events': 'False', 'partial_parse': 'True', 'cache_selected_only': 'False', 'warn_error': 'None', 'version_check': 'True', 'profiles_dir': '/home/codespace/.dbt', 'log_path': 'logs', 'fail_fast': 'False', 'debug': 'False', 'use_colors': 'True', 'use_experimental_parser': 'False', 'no_print': 'None', 'quiet': 'False', 'warn_error_options': 'WarnErrorOptions(include=[], exclude=[])', 'static_parser': 'True', 'invocation_command': 'dbt run', 'log_format': 'default', 'target_path': 'None', 'introspect': 'True', 'send_anonymous_usage_stats': 'True'}
[0m07:40:09.660632 [error] [MainThread]: Encountered an error:
Runtime Error
  No dbt_project.yml found at expected path /workspaces/dw-and-bi/Capstone-project/dbt_project.yml
  Verify that each entry within packages.yml (and their transitive dependencies) contains a file named dbt_project.yml
  
[0m07:40:09.662317 [debug] [MainThread]: Resource report: {"command_name": "run", "command_wall_clock_time": 0.014745477, "process_user_time": 3.527607, "process_kernel_time": 0.114749, "process_mem_max_rss": "96676", "process_out_blocks": "8", "command_success": false, "process_in_blocks": "0"}
[0m07:40:09.663931 [debug] [MainThread]: Command `dbt run` failed at 07:40:09.663555 after 0.02 seconds
[0m07:40:09.665771 [debug] [MainThread]: Sending event: {'category': 'dbt', 'action': 'invocation', 'label': 'end', 'context': [<snowplow_tracker.self_describing_json.SelfDescribingJson object at 0x7efc009e0550>, <snowplow_tracker.self_describing_json.SelfDescribingJson object at 0x7efbfe80faf0>, <snowplow_tracker.self_describing_json.SelfDescribingJson object at 0x7efbfe80fd30>]}
[0m07:40:09.666970 [debug] [MainThread]: Flushing usage events
[0m13:48:26.927948 [debug] [MainThread]: Sending event: {'category': 'dbt', 'action': 'invocation', 'label': 'start', 'context': [<snowplow_tracker.self_describing_json.SelfDescribingJson object at 0x7e5ce1110c40>, <snowplow_tracker.self_describing_json.SelfDescribingJson object at 0x7e5ce169ff70>, <snowplow_tracker.self_describing_json.SelfDescribingJson object at 0x7e5cdf525f30>]}


============================== 13:48:26.937438 | f82fe256-5034-40f1-8773-700f3f68d58a ==============================
[0m13:48:26.937438 [info ] [MainThread]: Running with dbt=1.7.14
[0m13:48:26.939030 [debug] [MainThread]: running dbt with arguments {'printer_width': '80', 'indirect_selection': 'eager', 'log_cache_events': 'False', 'write_json': 'True', 'partial_parse': 'True', 'cache_selected_only': 'False', 'warn_error': 'None', 'fail_fast': 'False', 'profiles_dir': '/home/codespace/.dbt', 'log_path': 'logs', 'debug': 'False', 'version_check': 'True', 'use_colors': 'True', 'use_experimental_parser': 'False', 'no_print': 'None', 'quiet': 'False', 'log_format': 'default', 'invocation_command': 'dbt debug', 'introspect': 'True', 'static_parser': 'True', 'target_path': 'None', 'warn_error_options': 'WarnErrorOptions(include=[], exclude=[])', 'send_anonymous_usage_stats': 'True'}
[0m13:48:26.940450 [info ] [MainThread]: dbt version: 1.7.14
[0m13:48:26.941620 [info ] [MainThread]: python version: 3.10.13
[0m13:48:26.943386 [info ] [MainThread]: python path: /usr/local/python/3.10.13/bin/python3
[0m13:48:26.944698 [info ] [MainThread]: os info: Linux-6.5.0-1018-azure-x86_64-with-glibc2.31
[0m13:48:26.946258 [info ] [MainThread]: Using profiles dir at /home/codespace/.dbt
[0m13:48:26.947572 [info ] [MainThread]: Using profiles.yml file at /home/codespace/.dbt/profiles.yml
[0m13:48:26.948348 [info ] [MainThread]: Using dbt_project.yml file at /workspaces/Project-Capstone-DS525/Capstone-project/dbt_project.yml
[0m13:48:26.949090 [info ] [MainThread]: Configuration:
[0m13:48:26.949809 [info ] [MainThread]:   profiles.yml file [[31mERROR not found[0m]
[0m13:48:26.950523 [info ] [MainThread]:   dbt_project.yml file [[31mERROR not found[0m]
[0m13:48:26.951449 [info ] [MainThread]: Required dependencies:
[0m13:48:26.952314 [debug] [MainThread]: Executing "git --help"
[0m13:48:26.955476 [debug] [MainThread]: STDOUT: "b"usage: git [-v | --version] [-h | --help] [-C <path>] [-c <name>=<value>]\n           [--exec-path[=<path>]] [--html-path] [--man-path] [--info-path]\n           [-p | --paginate | -P | --no-pager] [--no-replace-objects] [--bare]\n           [--git-dir=<path>] [--work-tree=<path>] [--namespace=<name>]\n           [--config-env=<name>=<envvar>] <command> [<args>]\n\nThese are common Git commands used in various situations:\n\nstart a working area (see also: git help tutorial)\n   clone     Clone a repository into a new directory\n   init      Create an empty Git repository or reinitialize an existing one\n\nwork on the current change (see also: git help everyday)\n   add       Add file contents to the index\n   mv        Move or rename a file, a directory, or a symlink\n   restore   Restore working tree files\n   rm        Remove files from the working tree and from the index\n\nexamine the history and state (see also: git help revisions)\n   bisect    Use binary search to find the commit that introduced a bug\n   diff      Show changes between commits, commit and working tree, etc\n   grep      Print lines matching a pattern\n   log       Show commit logs\n   show      Show various types of objects\n   status    Show the working tree status\n\ngrow, mark and tweak your common history\n   branch    List, create, or delete branches\n   commit    Record changes to the repository\n   merge     Join two or more development histories together\n   rebase    Reapply commits on top of another base tip\n   reset     Reset current HEAD to the specified state\n   switch    Switch branches\n   tag       Create, list, delete or verify a tag object signed with GPG\n\ncollaborate (see also: git help workflows)\n   fetch     Download objects and refs from another repository\n   pull      Fetch from and integrate with another repository or a local branch\n   push      Update remote refs along with associated objects\n\n'git help -a' and 'git help -g' list available subcommands and some\nconcept guides. See 'git help <command>' or 'git help <concept>'\nto read about a specific subcommand or concept.\nSee 'git help git' for an overview of the system.\n""
[0m13:48:26.956224 [debug] [MainThread]: STDERR: "b''"
[0m13:48:26.956883 [info ] [MainThread]:  - git [[32mOK found[0m]

[0m13:48:26.957622 [info ] [MainThread]: Connection test skipped since no profile was found
[0m13:48:26.958370 [info ] [MainThread]: [31m2 checks failed:[0m
[0m13:48:26.959140 [info ] [MainThread]: dbt looked for a profiles.yml file in /home/codespace/.dbt/profiles.yml, but did
not find one. For more information on configuring your profile, consult the
documentation:

https://docs.getdbt.com/docs/configure-your-profile


[0m13:48:26.959878 [info ] [MainThread]: Project loading failed for the following reason:
 project path </workspaces/Project-Capstone-DS525/Capstone-project/dbt_project.yml> not found

[0m13:48:26.968540 [debug] [MainThread]: Resource report: {"command_name": "debug", "command_wall_clock_time": 0.16241238, "process_user_time": 3.201304, "process_kernel_time": 0.251699, "process_mem_max_rss": "87604", "process_in_blocks": "23320", "process_out_blocks": "16", "command_success": false}
[0m13:48:26.969539 [debug] [MainThread]: Command `dbt debug` failed at 13:48:26.969304 after 0.16 seconds
[0m13:48:26.970253 [debug] [MainThread]: Sending event: {'category': 'dbt', 'action': 'invocation', 'label': 'end', 'context': [<snowplow_tracker.self_describing_json.SelfDescribingJson object at 0x7e5ce1110c40>, <snowplow_tracker.self_describing_json.SelfDescribingJson object at 0x7e5cdf527070>, <snowplow_tracker.self_describing_json.SelfDescribingJson object at 0x7e5cdf525ff0>]}
[0m13:48:26.971061 [debug] [MainThread]: Flushing usage events
[0m14:07:33.705699 [debug] [MainThread]: Sending event: {'category': 'dbt', 'action': 'invocation', 'label': 'start', 'context': [<snowplow_tracker.self_describing_json.SelfDescribingJson object at 0x75a978bf4be0>, <snowplow_tracker.self_describing_json.SelfDescribingJson object at 0x75a979183f70>, <snowplow_tracker.self_describing_json.SelfDescribingJson object at 0x75a977009ed0>]}


============================== 14:07:33.711283 | 89c9f6d3-4a2f-4eb9-858a-67aadcc5ddc9 ==============================
[0m14:07:33.711283 [info ] [MainThread]: Running with dbt=1.7.14
[0m14:07:33.712414 [debug] [MainThread]: running dbt with arguments {'printer_width': '80', 'indirect_selection': 'eager', 'write_json': 'True', 'log_cache_events': 'False', 'partial_parse': 'True', 'cache_selected_only': 'False', 'warn_error': 'None', 'version_check': 'True', 'profiles_dir': '/home/codespace/.dbt', 'log_path': 'logs', 'fail_fast': 'False', 'debug': 'False', 'use_colors': 'True', 'use_experimental_parser': 'False', 'no_print': 'None', 'quiet': 'False', 'warn_error_options': 'WarnErrorOptions(include=[], exclude=[])', 'introspect': 'True', 'log_format': 'default', 'invocation_command': 'dbt init', 'target_path': 'None', 'static_parser': 'True', 'send_anonymous_usage_stats': 'True'}
[0m14:07:33.713208 [warn ] [MainThread]: [ConfigFolderDirectory]: Unable to parse dict {'dir': PosixPath('/home/codespace/.dbt')}
[0m14:07:33.713957 [info ] [MainThread]: Creating dbt configuration folder at 
[0m14:07:39.524702 [debug] [MainThread]: Starter project path: /usr/local/python/3.10.13/lib/python3.10/site-packages/dbt/include/starter_project
[0m14:07:39.545900 [info ] [MainThread]: 
Your new dbt project "ds525" was created!

For more information on how to configure the profiles.yml file,
please consult the dbt documentation here:

  https://docs.getdbt.com/docs/configure-your-profile

One more thing:

Need help? Don't hesitate to reach out to us via GitHub issues or on Slack:

  https://community.getdbt.com/

Happy modeling!

[0m14:07:39.546872 [info ] [MainThread]: Setting up your profile.
[0m14:08:20.703491 [info ] [MainThread]: Profile ds525 written to /home/codespace/.dbt/profiles.yml using target's profile_template.yml and your supplied values. Run 'dbt debug' to validate the connection.
[0m14:08:20.705065 [debug] [MainThread]: Resource report: {"command_name": "init", "command_success": true, "command_wall_clock_time": 47.059246, "process_user_time": 3.231316, "process_kernel_time": 0.239356, "process_mem_max_rss": "191904", "process_in_blocks": "72", "process_out_blocks": "80"}
[0m14:08:20.706012 [debug] [MainThread]: Command `dbt init` succeeded at 14:08:20.705769 after 47.06 seconds
[0m14:08:20.706882 [debug] [MainThread]: Sending event: {'category': 'dbt', 'action': 'invocation', 'label': 'end', 'context': [<snowplow_tracker.self_describing_json.SelfDescribingJson object at 0x75a978bf4be0>, <snowplow_tracker.self_describing_json.SelfDescribingJson object at 0x75a979183f70>, <snowplow_tracker.self_describing_json.SelfDescribingJson object at 0x75a97700b700>]}
[0m14:08:20.707879 [debug] [MainThread]: Flushing usage events
[0m14:08:44.382048 [debug] [MainThread]: Sending event: {'category': 'dbt', 'action': 'invocation', 'label': 'start', 'context': [<snowplow_tracker.self_describing_json.SelfDescribingJson object at 0x71ed27a6cc70>, <snowplow_tracker.self_describing_json.SelfDescribingJson object at 0x71ed27ff22f0>, <snowplow_tracker.self_describing_json.SelfDescribingJson object at 0x71ed25e94fa0>]}


============================== 14:08:44.385265 | 005a17d4-f23e-47a2-a1a4-76e77ebe21b5 ==============================
[0m14:08:44.385265 [info ] [MainThread]: Running with dbt=1.7.14
[0m14:08:44.386232 [debug] [MainThread]: running dbt with arguments {'printer_width': '80', 'indirect_selection': 'eager', 'log_cache_events': 'False', 'write_json': 'True', 'partial_parse': 'True', 'cache_selected_only': 'False', 'profiles_dir': '/home/codespace/.dbt', 'fail_fast': 'False', 'debug': 'False', 'log_path': 'logs', 'version_check': 'True', 'warn_error': 'None', 'use_colors': 'True', 'use_experimental_parser': 'False', 'no_print': 'None', 'quiet': 'False', 'log_format': 'default', 'invocation_command': 'dbt test', 'warn_error_options': 'WarnErrorOptions(include=[], exclude=[])', 'static_parser': 'True', 'target_path': 'None', 'introspect': 'True', 'send_anonymous_usage_stats': 'True'}
[0m14:08:44.387220 [error] [MainThread]: Encountered an error:
Runtime Error
  No dbt_project.yml found at expected path /workspaces/Project-Capstone-DS525/Capstone-project/dbt_project.yml
  Verify that each entry within packages.yml (and their transitive dependencies) contains a file named dbt_project.yml
  
[0m14:08:44.389060 [debug] [MainThread]: Resource report: {"command_name": "test", "command_wall_clock_time": 0.07085737, "process_user_time": 2.537453, "process_kernel_time": 0.177306, "process_mem_max_rss": "87816", "process_out_blocks": "16", "command_success": false, "process_in_blocks": "0"}
[0m14:08:44.389940 [debug] [MainThread]: Command `dbt test` failed at 14:08:44.389694 after 0.07 seconds
[0m14:08:44.390755 [debug] [MainThread]: Sending event: {'category': 'dbt', 'action': 'invocation', 'label': 'end', 'context': [<snowplow_tracker.self_describing_json.SelfDescribingJson object at 0x71ed27a6cc70>, <snowplow_tracker.self_describing_json.SelfDescribingJson object at 0x71ed25e95660>, <snowplow_tracker.self_describing_json.SelfDescribingJson object at 0x71ed25e973a0>]}
[0m14:08:44.391537 [debug] [MainThread]: Flushing usage events
