[2024-05-04T11:38:33.289+0000] {local_task_job_runner.py:120} INFO - ::group::Pre task execution logs
[2024-05-04T11:38:33.568+0000] {taskinstance.py:2073} INFO - Dependencies all met for dep_context=non-requeueable deps ti=<TaskInstance: etl.gcs_to_bq_translation scheduled__2024-05-03T00:00:00+00:00 [queued]>
[2024-05-04T11:38:33.745+0000] {taskinstance.py:2073} INFO - Dependencies all met for dep_context=requeueable deps ti=<TaskInstance: etl.gcs_to_bq_translation scheduled__2024-05-03T00:00:00+00:00 [queued]>
[2024-05-04T11:38:33.746+0000] {taskinstance.py:2303} INFO - Starting attempt 4 of 4
[2024-05-04T11:38:33.964+0000] {taskinstance.py:2327} INFO - Executing <Task(GCSToBigQueryOperator): gcs_to_bq_translation> on 2024-05-03 00:00:00+00:00
[2024-05-04T11:38:34.135+0000] {logging_mixin.py:188} WARNING - /home/***/.local/lib/python3.12/site-packages/***/task/task_runner/standard_task_runner.py:61 DeprecationWarning: This process (pid=11062) is multi-threaded, use of fork() may lead to deadlocks in the child.
[2024-05-04T11:38:34.168+0000] {standard_task_runner.py:63} INFO - Started process 11167 to run task
[2024-05-04T11:38:34.087+0000] {standard_task_runner.py:90} INFO - Running: ['***', 'tasks', 'run', 'etl', 'gcs_to_bq_translation', 'scheduled__2024-05-03T00:00:00+00:00', '--job-id', '195', '--raw', '--subdir', 'DAGS_FOLDER/etl.py', '--cfg-path', '/tmp/tmp0dvknnv9']
[2024-05-04T11:38:34.170+0000] {standard_task_runner.py:91} INFO - Job 195: Subtask gcs_to_bq_translation
[2024-05-04T11:38:34.479+0000] {task_command.py:426} INFO - Running <TaskInstance: etl.gcs_to_bq_translation scheduled__2024-05-03T00:00:00+00:00 [running]> on host d4c1d9b975b8
[2024-05-04T11:38:36.781+0000] {taskinstance.py:2644} INFO - Exporting env vars: AIRFLOW_CTX_DAG_OWNER='***' AIRFLOW_CTX_DAG_ID='etl' AIRFLOW_CTX_TASK_ID='gcs_to_bq_translation' AIRFLOW_CTX_EXECUTION_DATE='2024-05-03T00:00:00+00:00' AIRFLOW_CTX_TRY_NUMBER='4' AIRFLOW_CTX_DAG_RUN_ID='scheduled__2024-05-03T00:00:00+00:00'
[2024-05-04T11:38:36.782+0000] {taskinstance.py:430} INFO - ::endgroup::
[2024-05-04T11:38:36.833+0000] {connection.py:274} WARNING - Connection schemes (type: google_cloud_platform) shall not contain '_' according to RFC3986.
[2024-05-04T11:38:36.900+0000] {base.py:84} INFO - Using connection ID 'my_gcp_conn' for task execution.
[2024-05-04T11:38:36.915+0000] {gcs_to_bigquery.py:379} INFO - Using existing BigQuery table for storing data...
[2024-05-04T11:38:37.234+0000] {bigquery.py:2328} INFO - Project is not included in destination_project_dataset_table: order.product_category_name_translation; using project "project-capstone-422211"
[2024-05-04T11:38:37.235+0000] {gcs_to_bigquery.py:383} INFO - Executing: {'load': {'autodetect': True, 'createDisposition': 'CREATE_IF_NEEDED', 'destinationTable': {'projectId': 'project-capstone-422211', 'datasetId': 'order', 'tableId': 'product_category_name_translation'}, 'sourceFormat': 'CSV', 'sourceUris': ['gs://storage-capstone/product_category_name_translation.csv'], 'writeDisposition': 'WRITE_TRUNCATE', 'ignoreUnknownValues': False, 'skipLeadingRows': None, 'fieldDelimiter': ',', 'quote': None, 'allowQuotedNewlines': False, 'encoding': 'UTF-8'}}
[2024-05-04T11:38:37.236+0000] {bigquery.py:1613} INFO - Inserting job ***_etl_gcs_to_bq_translation_2024_05_03T00_00_00_00_00_798200f807742573f4acc97ede0431ef
[2024-05-04T11:38:54.989+0000] {taskinstance.py:441} INFO - ::group::Post task execution logs
[2024-05-04T11:38:54.996+0000] {taskinstance.py:1205} INFO - Marking task as SUCCESS. dag_id=etl, task_id=gcs_to_bq_translation, execution_date=20240503T000000, start_date=20240504T113833, end_date=20240504T113854
[2024-05-04T11:38:55.041+0000] {local_task_job_runner.py:240} INFO - Task exited with return code 0
[2024-05-04T11:38:55.055+0000] {taskinstance.py:3482} INFO - 0 downstream tasks scheduled from follow-on schedule check
[2024-05-04T11:38:55.062+0000] {local_task_job_runner.py:222} INFO - ::endgroup::
