[2024-05-03T14:02:06.508+0000] {local_task_job_runner.py:120} INFO - ::group::Pre task execution logs
[2024-05-03T14:02:06.724+0000] {taskinstance.py:2073} INFO - Dependencies all met for dep_context=non-requeueable deps ti=<TaskInstance: etl.gcs_to_bq_geolocation manual__2024-05-03T13:39:42.184579+00:00 [queued]>
[2024-05-03T14:02:06.867+0000] {taskinstance.py:2073} INFO - Dependencies all met for dep_context=requeueable deps ti=<TaskInstance: etl.gcs_to_bq_geolocation manual__2024-05-03T13:39:42.184579+00:00 [queued]>
[2024-05-03T14:02:06.871+0000] {taskinstance.py:2303} INFO - Starting attempt 2 of 2
[2024-05-03T14:02:07.055+0000] {taskinstance.py:2327} INFO - Executing <Task(GCSToBigQueryOperator): gcs_to_bq_geolocation> on 2024-05-03 13:39:42.184579+00:00
[2024-05-03T14:02:07.154+0000] {logging_mixin.py:188} WARNING - /home/***/.local/lib/python3.12/site-packages/***/task/task_runner/standard_task_runner.py:61 DeprecationWarning: This process (pid=22036) is multi-threaded, use of fork() may lead to deadlocks in the child.
[2024-05-03T14:02:07.193+0000] {standard_task_runner.py:63} INFO - Started process 22104 to run task
[2024-05-03T14:02:07.169+0000] {standard_task_runner.py:90} INFO - Running: ['***', 'tasks', 'run', 'etl', 'gcs_to_bq_geolocation', 'manual__2024-05-03T13:39:42.184579+00:00', '--job-id', '127', '--raw', '--subdir', 'DAGS_FOLDER/etl.py', '--cfg-path', '/tmp/tmp97kfrb1a']
[2024-05-03T14:02:07.205+0000] {standard_task_runner.py:91} INFO - Job 127: Subtask gcs_to_bq_geolocation
[2024-05-03T14:02:07.456+0000] {task_command.py:426} INFO - Running <TaskInstance: etl.gcs_to_bq_geolocation manual__2024-05-03T13:39:42.184579+00:00 [running]> on host 0db60b1edb75
[2024-05-03T14:02:09.505+0000] {taskinstance.py:2644} INFO - Exporting env vars: AIRFLOW_CTX_DAG_OWNER='***' AIRFLOW_CTX_DAG_ID='etl' AIRFLOW_CTX_TASK_ID='gcs_to_bq_geolocation' AIRFLOW_CTX_EXECUTION_DATE='2024-05-03T13:39:42.184579+00:00' AIRFLOW_CTX_TRY_NUMBER='2' AIRFLOW_CTX_DAG_RUN_ID='manual__2024-05-03T13:39:42.184579+00:00'
[2024-05-03T14:02:09.506+0000] {taskinstance.py:430} INFO - ::endgroup::
[2024-05-03T14:02:09.646+0000] {connection.py:274} WARNING - Connection schemes (type: google_cloud_platform) shall not contain '_' according to RFC3986.
[2024-05-03T14:02:09.675+0000] {base.py:84} INFO - Using connection ID 'my_gcp_conn' for task execution.
[2024-05-03T14:02:09.684+0000] {gcs_to_bigquery.py:379} INFO - Using existing BigQuery table for storing data...
[2024-05-03T14:02:09.948+0000] {bigquery.py:2328} INFO - Project is not included in destination_project_dataset_table: order.olist_geolocation_dataset; using project "project-capstone-422211"
[2024-05-03T14:02:09.949+0000] {gcs_to_bigquery.py:383} INFO - Executing: {'load': {'autodetect': True, 'createDisposition': 'CREATE_IF_NEEDED', 'destinationTable': {'projectId': 'project-capstone-422211', 'datasetId': 'order', 'tableId': 'olist_geolocation_dataset'}, 'sourceFormat': 'CSV', 'sourceUris': ['gs://storage-capstone/olist_geolocation_dataset.csv'], 'writeDisposition': 'WRITE_TRUNCATE', 'ignoreUnknownValues': False, 'skipLeadingRows': None, 'fieldDelimiter': ',', 'quote': None, 'allowQuotedNewlines': False, 'encoding': 'UTF-8'}}
[2024-05-03T14:02:09.965+0000] {bigquery.py:1613} INFO - Inserting job ***_etl_gcs_to_bq_geolocation_2024_05_03T13_39_42_184579_00_00_cd5c894560839ab90475f1522cc766f7
[2024-05-03T14:02:46.671+0000] {taskinstance.py:441} INFO - ::group::Post task execution logs
[2024-05-03T14:02:46.678+0000] {taskinstance.py:1205} INFO - Marking task as SUCCESS. dag_id=etl, task_id=gcs_to_bq_geolocation, execution_date=20240503T133942, start_date=20240503T140206, end_date=20240503T140246
[2024-05-03T14:02:46.727+0000] {local_task_job_runner.py:240} INFO - Task exited with return code 0
[2024-05-03T14:02:46.740+0000] {taskinstance.py:3482} INFO - 0 downstream tasks scheduled from follow-on schedule check
[2024-05-03T14:02:46.747+0000] {local_task_job_runner.py:222} INFO - ::endgroup::
