[2024-05-04T11:43:07.293+0000] {local_task_job_runner.py:120} INFO - ::group::Pre task execution logs
[2024-05-04T11:43:07.415+0000] {taskinstance.py:2073} INFO - Dependencies all met for dep_context=non-requeueable deps ti=<TaskInstance: etl.gcs_to_bq_sellers scheduled__2024-05-03T00:00:00+00:00 [queued]>
[2024-05-04T11:43:07.525+0000] {taskinstance.py:2073} INFO - Dependencies all met for dep_context=requeueable deps ti=<TaskInstance: etl.gcs_to_bq_sellers scheduled__2024-05-03T00:00:00+00:00 [queued]>
[2024-05-04T11:43:07.531+0000] {taskinstance.py:2303} INFO - Starting attempt 6 of 6
[2024-05-04T11:43:07.596+0000] {taskinstance.py:2327} INFO - Executing <Task(GCSToBigQueryOperator): gcs_to_bq_sellers> on 2024-05-03 00:00:00+00:00
[2024-05-04T11:43:07.677+0000] {standard_task_runner.py:90} INFO - Running: ['***', 'tasks', 'run', 'etl', 'gcs_to_bq_sellers', 'scheduled__2024-05-03T00:00:00+00:00', '--job-id', '240', '--raw', '--subdir', 'DAGS_FOLDER/etl.py', '--cfg-path', '/tmp/tmpfy9ry_mh']
[2024-05-04T11:43:07.679+0000] {standard_task_runner.py:91} INFO - Job 240: Subtask gcs_to_bq_sellers
[2024-05-04T11:43:07.694+0000] {logging_mixin.py:188} WARNING - /home/***/.local/lib/python3.12/site-packages/***/task/task_runner/standard_task_runner.py:61 DeprecationWarning: This process (pid=13572) is multi-threaded, use of fork() may lead to deadlocks in the child.
[2024-05-04T11:43:07.696+0000] {standard_task_runner.py:63} INFO - Started process 13705 to run task
[2024-05-04T11:43:08.132+0000] {task_command.py:426} INFO - Running <TaskInstance: etl.gcs_to_bq_sellers scheduled__2024-05-03T00:00:00+00:00 [running]> on host d4c1d9b975b8
[2024-05-04T11:43:13.253+0000] {taskinstance.py:2644} INFO - Exporting env vars: AIRFLOW_CTX_DAG_OWNER='***' AIRFLOW_CTX_DAG_ID='etl' AIRFLOW_CTX_TASK_ID='gcs_to_bq_sellers' AIRFLOW_CTX_EXECUTION_DATE='2024-05-03T00:00:00+00:00' AIRFLOW_CTX_TRY_NUMBER='6' AIRFLOW_CTX_DAG_RUN_ID='scheduled__2024-05-03T00:00:00+00:00'
[2024-05-04T11:43:13.398+0000] {taskinstance.py:430} INFO - ::endgroup::
[2024-05-04T11:43:13.623+0000] {connection.py:274} WARNING - Connection schemes (type: google_cloud_platform) shall not contain '_' according to RFC3986.
[2024-05-04T11:43:13.856+0000] {base.py:84} INFO - Using connection ID 'my_gcp_conn' for task execution.
[2024-05-04T11:43:13.857+0000] {gcs_to_bigquery.py:379} INFO - Using existing BigQuery table for storing data...
[2024-05-04T11:43:15.271+0000] {bigquery.py:2328} INFO - Project is not included in destination_project_dataset_table: order.olist_sellers_dataset; using project "project-capstone-422211"
[2024-05-04T11:43:15.298+0000] {gcs_to_bigquery.py:383} INFO - Executing: {'load': {'autodetect': True, 'createDisposition': 'CREATE_IF_NEEDED', 'destinationTable': {'projectId': 'project-capstone-422211', 'datasetId': 'order', 'tableId': 'olist_sellers_dataset'}, 'sourceFormat': 'CSV', 'sourceUris': ['gs://storage-capstone/olist_sellers_dataset.csv'], 'writeDisposition': 'WRITE_TRUNCATE', 'ignoreUnknownValues': False, 'skipLeadingRows': None, 'fieldDelimiter': ',', 'quote': None, 'allowQuotedNewlines': False, 'encoding': 'UTF-8'}}
[2024-05-04T11:43:15.307+0000] {bigquery.py:1613} INFO - Inserting job ***_etl_gcs_to_bq_sellers_2024_05_03T00_00_00_00_00_3b5f903d63df672e64ab9cf39a34de5a
[2024-05-04T11:43:34.896+0000] {taskinstance.py:441} INFO - ::group::Post task execution logs
[2024-05-04T11:43:34.912+0000] {taskinstance.py:1205} INFO - Marking task as SUCCESS. dag_id=etl, task_id=gcs_to_bq_sellers, execution_date=20240503T000000, start_date=20240504T114307, end_date=20240504T114334
[2024-05-04T11:43:35.858+0000] {local_task_job_runner.py:240} INFO - Task exited with return code 0
[2024-05-04T11:43:36.821+0000] {taskinstance.py:3482} INFO - 0 downstream tasks scheduled from follow-on schedule check
[2024-05-04T11:43:36.836+0000] {local_task_job_runner.py:222} INFO - ::endgroup::
