[2024-05-04T11:42:43.008+0000] {local_task_job_runner.py:120} INFO - ::group::Pre task execution logs
[2024-05-04T11:42:43.127+0000] {taskinstance.py:2073} INFO - Dependencies all met for dep_context=non-requeueable deps ti=<TaskInstance: etl.upload_file_items_to_capstone manual__2024-05-04T11:42:25.289880+00:00 [queued]>
[2024-05-04T11:42:43.190+0000] {taskinstance.py:2073} INFO - Dependencies all met for dep_context=requeueable deps ti=<TaskInstance: etl.upload_file_items_to_capstone manual__2024-05-04T11:42:25.289880+00:00 [queued]>
[2024-05-04T11:42:43.194+0000] {taskinstance.py:2303} INFO - Starting attempt 1 of 1
[2024-05-04T11:42:43.316+0000] {taskinstance.py:2327} INFO - Executing <Task(GCSToGCSOperator): upload_file_items_to_capstone> on 2024-05-04 11:42:25.289880+00:00
[2024-05-04T11:42:43.376+0000] {logging_mixin.py:188} WARNING - /home/***/.local/lib/python3.12/site-packages/***/task/task_runner/standard_task_runner.py:61 DeprecationWarning: This process (pid=13330) is multi-threaded, use of fork() may lead to deadlocks in the child.
[2024-05-04T11:42:43.401+0000] {standard_task_runner.py:90} INFO - Running: ['***', 'tasks', 'run', 'etl', 'upload_file_items_to_capstone', 'manual__2024-05-04T11:42:25.289880+00:00', '--job-id', '234', '--raw', '--subdir', 'DAGS_FOLDER/etl.py', '--cfg-path', '/tmp/tmp8voyehkw']
[2024-05-04T11:42:43.444+0000] {standard_task_runner.py:91} INFO - Job 234: Subtask upload_file_items_to_capstone
[2024-05-04T11:42:43.441+0000] {standard_task_runner.py:63} INFO - Started process 13481 to run task
[2024-05-04T11:42:43.698+0000] {task_command.py:426} INFO - Running <TaskInstance: etl.upload_file_items_to_capstone manual__2024-05-04T11:42:25.289880+00:00 [running]> on host d4c1d9b975b8
[2024-05-04T11:42:46.494+0000] {taskinstance.py:2644} INFO - Exporting env vars: AIRFLOW_CTX_DAG_OWNER='***' AIRFLOW_CTX_DAG_ID='etl' AIRFLOW_CTX_TASK_ID='upload_file_items_to_capstone' AIRFLOW_CTX_EXECUTION_DATE='2024-05-04T11:42:25.289880+00:00' AIRFLOW_CTX_TRY_NUMBER='1' AIRFLOW_CTX_DAG_RUN_ID='manual__2024-05-04T11:42:25.289880+00:00'
[2024-05-04T11:42:46.526+0000] {taskinstance.py:430} INFO - ::endgroup::
[2024-05-04T11:42:46.602+0000] {connection.py:274} WARNING - Connection schemes (type: google_cloud_platform) shall not contain '_' according to RFC3986.
[2024-05-04T11:42:46.661+0000] {base.py:84} INFO - Using connection ID 'my_gcp_conn' for task execution.
[2024-05-04T11:42:48.170+0000] {gcs_to_gcs.py:535} INFO - Executing copy of gs://raw_data_projectcapstone/olist_order_items_dataset.csv to gs://storage-capstone/olist_order_items_dataset.csv
[2024-05-04T11:42:48.230+0000] {gcs.py:256} INFO - Total Bytes: 15438671 | Bytes Written: 15438671
[2024-05-04T11:42:48.231+0000] {gcs.py:264} INFO - Object olist_order_items_dataset.csv in bucket raw_data_projectcapstone rewritten to object olist_order_items_dataset.csv in bucket storage-capstone
[2024-05-04T11:42:48.232+0000] {taskinstance.py:441} INFO - ::group::Post task execution logs
[2024-05-04T11:42:48.278+0000] {taskinstance.py:1205} INFO - Marking task as SUCCESS. dag_id=etl, task_id=upload_file_items_to_capstone, execution_date=20240504T114225, start_date=20240504T114243, end_date=20240504T114248
[2024-05-04T11:42:48.738+0000] {local_task_job_runner.py:240} INFO - Task exited with return code 0
[2024-05-04T11:42:51.251+0000] {taskinstance.py:3482} INFO - 0 downstream tasks scheduled from follow-on schedule check
[2024-05-04T11:42:51.264+0000] {local_task_job_runner.py:222} INFO - ::endgroup::
