[2024-05-04T11:35:22.513+0000] {local_task_job_runner.py:120} INFO - ::group::Pre task execution logs
[2024-05-04T11:35:22.624+0000] {taskinstance.py:2073} INFO - Dependencies all met for dep_context=non-requeueable deps ti=<TaskInstance: etl.gcs_to_bq_reviews scheduled__2024-05-03T00:00:00+00:00 [queued]>
[2024-05-04T11:35:22.698+0000] {taskinstance.py:2073} INFO - Dependencies all met for dep_context=requeueable deps ti=<TaskInstance: etl.gcs_to_bq_reviews scheduled__2024-05-03T00:00:00+00:00 [queued]>
[2024-05-04T11:35:22.699+0000] {taskinstance.py:2303} INFO - Starting attempt 3 of 3
[2024-05-04T11:35:22.811+0000] {taskinstance.py:2327} INFO - Executing <Task(GCSToBigQueryOperator): gcs_to_bq_reviews> on 2024-05-03 00:00:00+00:00
[2024-05-04T11:35:22.882+0000] {standard_task_runner.py:90} INFO - Running: ['***', 'tasks', 'run', 'etl', 'gcs_to_bq_reviews', 'scheduled__2024-05-03T00:00:00+00:00', '--job-id', '173', '--raw', '--subdir', 'DAGS_FOLDER/etl.py', '--cfg-path', '/tmp/tmpcnqn1cal']
[2024-05-04T11:35:22.884+0000] {standard_task_runner.py:91} INFO - Job 173: Subtask gcs_to_bq_reviews
[2024-05-04T11:35:22.879+0000] {logging_mixin.py:188} WARNING - /home/***/.local/lib/python3.12/site-packages/***/task/task_runner/standard_task_runner.py:61 DeprecationWarning: This process (pid=9383) is multi-threaded, use of fork() may lead to deadlocks in the child.
[2024-05-04T11:35:22.890+0000] {standard_task_runner.py:63} INFO - Started process 9453 to run task
[2024-05-04T11:35:23.238+0000] {task_command.py:426} INFO - Running <TaskInstance: etl.gcs_to_bq_reviews scheduled__2024-05-03T00:00:00+00:00 [running]> on host d4c1d9b975b8
[2024-05-04T11:35:24.961+0000] {taskinstance.py:2644} INFO - Exporting env vars: AIRFLOW_CTX_DAG_OWNER='***' AIRFLOW_CTX_DAG_ID='etl' AIRFLOW_CTX_TASK_ID='gcs_to_bq_reviews' AIRFLOW_CTX_EXECUTION_DATE='2024-05-03T00:00:00+00:00' AIRFLOW_CTX_TRY_NUMBER='3' AIRFLOW_CTX_DAG_RUN_ID='scheduled__2024-05-03T00:00:00+00:00'
[2024-05-04T11:35:24.970+0000] {taskinstance.py:430} INFO - ::endgroup::
[2024-05-04T11:35:25.033+0000] {connection.py:274} WARNING - Connection schemes (type: google_cloud_platform) shall not contain '_' according to RFC3986.
[2024-05-04T11:35:25.074+0000] {base.py:84} INFO - Using connection ID 'my_gcp_conn' for task execution.
[2024-05-04T11:35:25.075+0000] {gcs_to_bigquery.py:379} INFO - Using existing BigQuery table for storing data...
[2024-05-04T11:35:25.535+0000] {bigquery.py:2328} INFO - Project is not included in destination_project_dataset_table: order.olist_reviews_dataset; using project "project-capstone-422211"
[2024-05-04T11:35:25.536+0000] {gcs_to_bigquery.py:383} INFO - Executing: {'load': {'autodetect': True, 'createDisposition': 'CREATE_IF_NEEDED', 'destinationTable': {'projectId': 'project-capstone-422211', 'datasetId': 'order', 'tableId': 'olist_reviews_dataset'}, 'sourceFormat': 'CSV', 'sourceUris': ['gs://storage-capstone/olist_order_reviews_dataset.csv'], 'writeDisposition': 'WRITE_TRUNCATE', 'ignoreUnknownValues': False, 'skipLeadingRows': None, 'fieldDelimiter': ',', 'quote': None, 'allowQuotedNewlines': False, 'encoding': 'UTF-8'}}
[2024-05-04T11:35:25.537+0000] {bigquery.py:1613} INFO - Inserting job ***_etl_gcs_to_bq_reviews_2024_05_03T00_00_00_00_00_4367ee39f3f668d30944a8290343e53a
[2024-05-04T11:35:53.604+0000] {taskinstance.py:441} INFO - ::group::Post task execution logs
[2024-05-04T11:35:53.620+0000] {taskinstance.py:1205} INFO - Marking task as SUCCESS. dag_id=etl, task_id=gcs_to_bq_reviews, execution_date=20240503T000000, start_date=20240504T113522, end_date=20240504T113553
[2024-05-04T11:35:53.723+0000] {local_task_job_runner.py:240} INFO - Task exited with return code 0
[2024-05-04T11:35:53.742+0000] {taskinstance.py:3482} INFO - 0 downstream tasks scheduled from follow-on schedule check
[2024-05-04T11:35:53.752+0000] {local_task_job_runner.py:222} INFO - ::endgroup::
