[2024-05-04T11:40:59.513+0000] {local_task_job_runner.py:120} INFO - ::group::Pre task execution logs
[2024-05-04T11:40:59.651+0000] {taskinstance.py:2073} INFO - Dependencies all met for dep_context=non-requeueable deps ti=<TaskInstance: etl.upload_file_name_to_capstone scheduled__2024-05-03T00:00:00+00:00 [queued]>
[2024-05-04T11:40:59.717+0000] {taskinstance.py:2073} INFO - Dependencies all met for dep_context=requeueable deps ti=<TaskInstance: etl.upload_file_name_to_capstone scheduled__2024-05-03T00:00:00+00:00 [queued]>
[2024-05-04T11:40:59.718+0000] {taskinstance.py:2303} INFO - Starting attempt 4 of 4
[2024-05-04T11:41:03.498+0000] {taskinstance.py:2327} INFO - Executing <Task(GCSToGCSOperator): upload_file_name_to_capstone> on 2024-05-03 00:00:00+00:00
[2024-05-04T11:41:03.517+0000] {logging_mixin.py:188} WARNING - /home/***/.local/lib/python3.12/site-packages/***/task/task_runner/standard_task_runner.py:61 DeprecationWarning: This process (pid=12411) is multi-threaded, use of fork() may lead to deadlocks in the child.
[2024-05-04T11:41:03.522+0000] {standard_task_runner.py:63} INFO - Started process 12517 to run task
[2024-05-04T11:41:03.521+0000] {standard_task_runner.py:90} INFO - Running: ['***', 'tasks', 'run', 'etl', 'upload_file_name_to_capstone', 'scheduled__2024-05-03T00:00:00+00:00', '--job-id', '206', '--raw', '--subdir', 'DAGS_FOLDER/etl.py', '--cfg-path', '/tmp/tmppfur89rq']
[2024-05-04T11:41:03.524+0000] {standard_task_runner.py:91} INFO - Job 206: Subtask upload_file_name_to_capstone
[2024-05-04T11:41:03.721+0000] {task_command.py:426} INFO - Running <TaskInstance: etl.upload_file_name_to_capstone scheduled__2024-05-03T00:00:00+00:00 [running]> on host d4c1d9b975b8
[2024-05-04T11:41:04.693+0000] {taskinstance.py:2644} INFO - Exporting env vars: AIRFLOW_CTX_DAG_OWNER='***' AIRFLOW_CTX_DAG_ID='etl' AIRFLOW_CTX_TASK_ID='upload_file_name_to_capstone' AIRFLOW_CTX_EXECUTION_DATE='2024-05-03T00:00:00+00:00' AIRFLOW_CTX_TRY_NUMBER='4' AIRFLOW_CTX_DAG_RUN_ID='scheduled__2024-05-03T00:00:00+00:00'
[2024-05-04T11:41:04.694+0000] {taskinstance.py:430} INFO - ::endgroup::
[2024-05-04T11:41:04.748+0000] {connection.py:274} WARNING - Connection schemes (type: google_cloud_platform) shall not contain '_' according to RFC3986.
[2024-05-04T11:41:04.772+0000] {base.py:84} INFO - Using connection ID 'my_gcp_conn' for task execution.
[2024-05-04T11:41:05.130+0000] {gcs_to_gcs.py:535} INFO - Executing copy of gs://raw_data_projectcapstone/product_category_name_translation.csv to gs://storage-capstone/product_category_name_translation.csv
[2024-05-04T11:41:05.202+0000] {gcs.py:256} INFO - Total Bytes: 2613 | Bytes Written: 2613
[2024-05-04T11:41:05.202+0000] {gcs.py:264} INFO - Object product_category_name_translation.csv in bucket raw_data_projectcapstone rewritten to object product_category_name_translation.csv in bucket storage-capstone
[2024-05-04T11:41:05.202+0000] {taskinstance.py:441} INFO - ::group::Post task execution logs
[2024-05-04T11:41:05.212+0000] {taskinstance.py:1205} INFO - Marking task as SUCCESS. dag_id=etl, task_id=upload_file_name_to_capstone, execution_date=20240503T000000, start_date=20240504T114059, end_date=20240504T114105
[2024-05-04T11:41:05.270+0000] {local_task_job_runner.py:240} INFO - Task exited with return code 0
[2024-05-04T11:41:05.305+0000] {taskinstance.py:3482} INFO - 0 downstream tasks scheduled from follow-on schedule check
[2024-05-04T11:41:05.312+0000] {local_task_job_runner.py:222} INFO - ::endgroup::
