[2024-05-04T11:38:13.196+0000] {local_task_job_runner.py:120} INFO - ::group::Pre task execution logs
[2024-05-04T11:38:13.305+0000] {taskinstance.py:2073} INFO - Dependencies all met for dep_context=non-requeueable deps ti=<TaskInstance: etl.upload_file_name_to_capstone scheduled__2024-05-03T00:00:00+00:00 [queued]>
[2024-05-04T11:38:13.365+0000] {taskinstance.py:2073} INFO - Dependencies all met for dep_context=requeueable deps ti=<TaskInstance: etl.upload_file_name_to_capstone scheduled__2024-05-03T00:00:00+00:00 [queued]>
[2024-05-04T11:38:13.366+0000] {taskinstance.py:2303} INFO - Starting attempt 3 of 3
[2024-05-04T11:38:14.296+0000] {taskinstance.py:2327} INFO - Executing <Task(GCSToGCSOperator): upload_file_name_to_capstone> on 2024-05-03 00:00:00+00:00
[2024-05-04T11:38:14.348+0000] {standard_task_runner.py:90} INFO - Running: ['***', 'tasks', 'run', 'etl', 'upload_file_name_to_capstone', 'scheduled__2024-05-03T00:00:00+00:00', '--job-id', '184', '--raw', '--subdir', 'DAGS_FOLDER/etl.py', '--cfg-path', '/tmp/tmp2yf8g4hl']
[2024-05-04T11:38:14.370+0000] {standard_task_runner.py:91} INFO - Job 184: Subtask upload_file_name_to_capstone
[2024-05-04T11:38:14.377+0000] {logging_mixin.py:188} WARNING - /home/***/.local/lib/python3.12/site-packages/***/task/task_runner/standard_task_runner.py:61 DeprecationWarning: This process (pid=10844) is multi-threaded, use of fork() may lead to deadlocks in the child.
[2024-05-04T11:38:14.403+0000] {standard_task_runner.py:63} INFO - Started process 10990 to run task
[2024-05-04T11:38:14.653+0000] {task_command.py:426} INFO - Running <TaskInstance: etl.upload_file_name_to_capstone scheduled__2024-05-03T00:00:00+00:00 [running]> on host d4c1d9b975b8
[2024-05-04T11:38:16.601+0000] {taskinstance.py:2644} INFO - Exporting env vars: AIRFLOW_CTX_DAG_OWNER='***' AIRFLOW_CTX_DAG_ID='etl' AIRFLOW_CTX_TASK_ID='upload_file_name_to_capstone' AIRFLOW_CTX_EXECUTION_DATE='2024-05-03T00:00:00+00:00' AIRFLOW_CTX_TRY_NUMBER='3' AIRFLOW_CTX_DAG_RUN_ID='scheduled__2024-05-03T00:00:00+00:00'
[2024-05-04T11:38:16.602+0000] {taskinstance.py:430} INFO - ::endgroup::
[2024-05-04T11:38:16.738+0000] {connection.py:274} WARNING - Connection schemes (type: google_cloud_platform) shall not contain '_' according to RFC3986.
[2024-05-04T11:38:16.813+0000] {base.py:84} INFO - Using connection ID 'my_gcp_conn' for task execution.
[2024-05-04T11:38:17.727+0000] {gcs_to_gcs.py:535} INFO - Executing copy of gs://raw_data_projectcapstone/product_category_name_translation.csv to gs://storage-capstone/product_category_name_translation.csv
[2024-05-04T11:38:17.804+0000] {gcs.py:256} INFO - Total Bytes: 2613 | Bytes Written: 2613
[2024-05-04T11:38:17.804+0000] {gcs.py:264} INFO - Object product_category_name_translation.csv in bucket raw_data_projectcapstone rewritten to object product_category_name_translation.csv in bucket storage-capstone
[2024-05-04T11:38:17.805+0000] {taskinstance.py:441} INFO - ::group::Post task execution logs
[2024-05-04T11:38:17.830+0000] {taskinstance.py:1205} INFO - Marking task as SUCCESS. dag_id=etl, task_id=upload_file_name_to_capstone, execution_date=20240503T000000, start_date=20240504T113813, end_date=20240504T113817
[2024-05-04T11:38:18.108+0000] {local_task_job_runner.py:240} INFO - Task exited with return code 0
[2024-05-04T11:38:18.234+0000] {taskinstance.py:3482} INFO - 0 downstream tasks scheduled from follow-on schedule check
[2024-05-04T11:38:18.252+0000] {local_task_job_runner.py:222} INFO - ::endgroup::
