[2024-05-04T11:35:01.000+0000] {local_task_job_runner.py:120} INFO - ::group::Pre task execution logs
[2024-05-04T11:35:01.196+0000] {taskinstance.py:2073} INFO - Dependencies all met for dep_context=non-requeueable deps ti=<TaskInstance: etl.upload_file_name_to_capstone scheduled__2024-05-03T00:00:00+00:00 [queued]>
[2024-05-04T11:35:01.275+0000] {taskinstance.py:2073} INFO - Dependencies all met for dep_context=requeueable deps ti=<TaskInstance: etl.upload_file_name_to_capstone scheduled__2024-05-03T00:00:00+00:00 [queued]>
[2024-05-04T11:35:01.276+0000] {taskinstance.py:2303} INFO - Starting attempt 2 of 2
[2024-05-04T11:35:01.447+0000] {taskinstance.py:2327} INFO - Executing <Task(GCSToGCSOperator): upload_file_name_to_capstone> on 2024-05-03 00:00:00+00:00
[2024-05-04T11:35:01.555+0000] {standard_task_runner.py:90} INFO - Running: ['***', 'tasks', 'run', 'etl', 'upload_file_name_to_capstone', 'scheduled__2024-05-03T00:00:00+00:00', '--job-id', '162', '--raw', '--subdir', 'DAGS_FOLDER/etl.py', '--cfg-path', '/tmp/tmpwnhhd146']
[2024-05-04T11:35:01.559+0000] {standard_task_runner.py:91} INFO - Job 162: Subtask upload_file_name_to_capstone
[2024-05-04T11:35:01.588+0000] {logging_mixin.py:188} WARNING - /home/***/.local/lib/python3.12/site-packages/***/task/task_runner/standard_task_runner.py:61 DeprecationWarning: This process (pid=9138) is multi-threaded, use of fork() may lead to deadlocks in the child.
[2024-05-04T11:35:01.614+0000] {standard_task_runner.py:63} INFO - Started process 9237 to run task
[2024-05-04T11:35:01.904+0000] {task_command.py:426} INFO - Running <TaskInstance: etl.upload_file_name_to_capstone scheduled__2024-05-03T00:00:00+00:00 [running]> on host d4c1d9b975b8
[2024-05-04T11:35:05.820+0000] {taskinstance.py:2644} INFO - Exporting env vars: AIRFLOW_CTX_DAG_OWNER='***' AIRFLOW_CTX_DAG_ID='etl' AIRFLOW_CTX_TASK_ID='upload_file_name_to_capstone' AIRFLOW_CTX_EXECUTION_DATE='2024-05-03T00:00:00+00:00' AIRFLOW_CTX_TRY_NUMBER='2' AIRFLOW_CTX_DAG_RUN_ID='scheduled__2024-05-03T00:00:00+00:00'
[2024-05-04T11:35:05.824+0000] {taskinstance.py:430} INFO - ::endgroup::
[2024-05-04T11:35:05.959+0000] {connection.py:274} WARNING - Connection schemes (type: google_cloud_platform) shall not contain '_' according to RFC3986.
[2024-05-04T11:35:06.020+0000] {base.py:84} INFO - Using connection ID 'my_gcp_conn' for task execution.
[2024-05-04T11:35:07.783+0000] {gcs_to_gcs.py:535} INFO - Executing copy of gs://raw_data_projectcapstone/product_category_name_translation.csv to gs://storage-capstone/product_category_name_translation.csv
[2024-05-04T11:35:07.845+0000] {gcs.py:256} INFO - Total Bytes: 2613 | Bytes Written: 2613
[2024-05-04T11:35:07.845+0000] {gcs.py:264} INFO - Object product_category_name_translation.csv in bucket raw_data_projectcapstone rewritten to object product_category_name_translation.csv in bucket storage-capstone
[2024-05-04T11:35:07.845+0000] {taskinstance.py:441} INFO - ::group::Post task execution logs
[2024-05-04T11:35:07.873+0000] {taskinstance.py:1205} INFO - Marking task as SUCCESS. dag_id=etl, task_id=upload_file_name_to_capstone, execution_date=20240503T000000, start_date=20240504T113501, end_date=20240504T113507
[2024-05-04T11:35:08.174+0000] {local_task_job_runner.py:240} INFO - Task exited with return code 0
[2024-05-04T11:35:09.722+0000] {taskinstance.py:3482} INFO - 0 downstream tasks scheduled from follow-on schedule check
[2024-05-04T11:35:09.733+0000] {local_task_job_runner.py:222} INFO - ::endgroup::
