[2024-05-04T11:42:59.485+0000] {local_task_job_runner.py:120} INFO - ::group::Pre task execution logs
[2024-05-04T11:42:59.644+0000] {taskinstance.py:2073} INFO - Dependencies all met for dep_context=non-requeueable deps ti=<TaskInstance: etl.create_order_dataset manual__2024-05-04T11:42:25.289880+00:00 [queued]>
[2024-05-04T11:42:59.726+0000] {taskinstance.py:2073} INFO - Dependencies all met for dep_context=requeueable deps ti=<TaskInstance: etl.create_order_dataset manual__2024-05-04T11:42:25.289880+00:00 [queued]>
[2024-05-04T11:42:59.728+0000] {taskinstance.py:2303} INFO - Starting attempt 1 of 1
[2024-05-04T11:42:59.866+0000] {taskinstance.py:2327} INFO - Executing <Task(BigQueryCreateEmptyDatasetOperator): create_order_dataset> on 2024-05-04 11:42:25.289880+00:00
[2024-05-04T11:42:59.972+0000] {standard_task_runner.py:90} INFO - Running: ['***', 'tasks', 'run', 'etl', 'create_order_dataset', 'manual__2024-05-04T11:42:25.289880+00:00', '--job-id', '237', '--raw', '--subdir', 'DAGS_FOLDER/etl.py', '--cfg-path', '/tmp/tmp7in3b6og']
[2024-05-04T11:42:59.973+0000] {standard_task_runner.py:91} INFO - Job 237: Subtask create_order_dataset
[2024-05-04T11:42:59.949+0000] {logging_mixin.py:188} WARNING - /home/***/.local/lib/python3.12/site-packages/***/task/task_runner/standard_task_runner.py:61 DeprecationWarning: This process (pid=13511) is multi-threaded, use of fork() may lead to deadlocks in the child.
[2024-05-04T11:42:59.990+0000] {standard_task_runner.py:63} INFO - Started process 13649 to run task
[2024-05-04T11:43:00.282+0000] {task_command.py:426} INFO - Running <TaskInstance: etl.create_order_dataset manual__2024-05-04T11:42:25.289880+00:00 [running]> on host d4c1d9b975b8
[2024-05-04T11:43:03.146+0000] {taskinstance.py:2644} INFO - Exporting env vars: AIRFLOW_CTX_DAG_OWNER='***' AIRFLOW_CTX_DAG_ID='etl' AIRFLOW_CTX_TASK_ID='create_order_dataset' AIRFLOW_CTX_EXECUTION_DATE='2024-05-04T11:42:25.289880+00:00' AIRFLOW_CTX_TRY_NUMBER='1' AIRFLOW_CTX_DAG_RUN_ID='manual__2024-05-04T11:42:25.289880+00:00'
[2024-05-04T11:43:03.181+0000] {taskinstance.py:430} INFO - ::endgroup::
[2024-05-04T11:43:03.304+0000] {connection.py:274} WARNING - Connection schemes (type: google_cloud_platform) shall not contain '_' according to RFC3986.
[2024-05-04T11:43:03.381+0000] {base.py:84} INFO - Using connection ID 'my_gcp_conn' for task execution.
[2024-05-04T11:43:03.806+0000] {bigquery.py:470} INFO - datasetId was not specified in `dataset_reference`. Will use default value order.
[2024-05-04T11:43:03.807+0000] {bigquery.py:470} INFO - projectId was not specified in `dataset_reference`. Will use default value project-capstone-422211.
[2024-05-04T11:43:03.807+0000] {bigquery.py:481} INFO - Creating dataset: order in project: project-capstone-422211 
[2024-05-04T11:43:04.942+0000] {bigquery.py:2045} INFO - Dataset order already exists.
[2024-05-04T11:43:04.961+0000] {taskinstance.py:441} INFO - ::group::Post task execution logs
[2024-05-04T11:43:04.973+0000] {taskinstance.py:1205} INFO - Marking task as SUCCESS. dag_id=etl, task_id=create_order_dataset, execution_date=20240504T114225, start_date=20240504T114259, end_date=20240504T114304
[2024-05-04T11:43:05.186+0000] {local_task_job_runner.py:240} INFO - Task exited with return code 0
[2024-05-04T11:43:07.112+0000] {taskinstance.py:3482} INFO - 9 downstream tasks scheduled from follow-on schedule check
[2024-05-04T11:43:07.122+0000] {local_task_job_runner.py:222} INFO - ::endgroup::
