[2024-05-04T11:38:32.474+0000] {local_task_job_runner.py:120} INFO - ::group::Pre task execution logs
[2024-05-04T11:38:32.629+0000] {taskinstance.py:2073} INFO - Dependencies all met for dep_context=non-requeueable deps ti=<TaskInstance: etl.gcs_to_bq_payments scheduled__2024-05-03T00:00:00+00:00 [queued]>
[2024-05-04T11:38:32.800+0000] {taskinstance.py:2073} INFO - Dependencies all met for dep_context=requeueable deps ti=<TaskInstance: etl.gcs_to_bq_payments scheduled__2024-05-03T00:00:00+00:00 [queued]>
[2024-05-04T11:38:32.811+0000] {taskinstance.py:2303} INFO - Starting attempt 4 of 4
[2024-05-04T11:38:33.010+0000] {taskinstance.py:2327} INFO - Executing <Task(GCSToBigQueryOperator): gcs_to_bq_payments> on 2024-05-03 00:00:00+00:00
[2024-05-04T11:38:33.225+0000] {logging_mixin.py:188} WARNING - /home/***/.local/lib/python3.12/site-packages/***/task/task_runner/standard_task_runner.py:61 DeprecationWarning: This process (pid=11060) is multi-threaded, use of fork() may lead to deadlocks in the child.
[2024-05-04T11:38:33.264+0000] {standard_task_runner.py:63} INFO - Started process 11154 to run task
[2024-05-04T11:38:33.257+0000] {standard_task_runner.py:90} INFO - Running: ['***', 'tasks', 'run', 'etl', 'gcs_to_bq_payments', 'scheduled__2024-05-03T00:00:00+00:00', '--job-id', '191', '--raw', '--subdir', 'DAGS_FOLDER/etl.py', '--cfg-path', '/tmp/tmp4vm6yrkb']
[2024-05-04T11:38:33.285+0000] {standard_task_runner.py:91} INFO - Job 191: Subtask gcs_to_bq_payments
[2024-05-04T11:38:33.831+0000] {task_command.py:426} INFO - Running <TaskInstance: etl.gcs_to_bq_payments scheduled__2024-05-03T00:00:00+00:00 [running]> on host d4c1d9b975b8
[2024-05-04T11:38:36.362+0000] {taskinstance.py:2644} INFO - Exporting env vars: AIRFLOW_CTX_DAG_OWNER='***' AIRFLOW_CTX_DAG_ID='etl' AIRFLOW_CTX_TASK_ID='gcs_to_bq_payments' AIRFLOW_CTX_EXECUTION_DATE='2024-05-03T00:00:00+00:00' AIRFLOW_CTX_TRY_NUMBER='4' AIRFLOW_CTX_DAG_RUN_ID='scheduled__2024-05-03T00:00:00+00:00'
[2024-05-04T11:38:36.368+0000] {taskinstance.py:430} INFO - ::endgroup::
[2024-05-04T11:38:36.472+0000] {connection.py:274} WARNING - Connection schemes (type: google_cloud_platform) shall not contain '_' according to RFC3986.
[2024-05-04T11:38:36.551+0000] {base.py:84} INFO - Using connection ID 'my_gcp_conn' for task execution.
[2024-05-04T11:38:36.558+0000] {gcs_to_bigquery.py:379} INFO - Using existing BigQuery table for storing data...
[2024-05-04T11:38:36.992+0000] {bigquery.py:2328} INFO - Project is not included in destination_project_dataset_table: order.olist_payments_dataset; using project "project-capstone-422211"
[2024-05-04T11:38:37.001+0000] {gcs_to_bigquery.py:383} INFO - Executing: {'load': {'autodetect': True, 'createDisposition': 'CREATE_IF_NEEDED', 'destinationTable': {'projectId': 'project-capstone-422211', 'datasetId': 'order', 'tableId': 'olist_payments_dataset'}, 'sourceFormat': 'CSV', 'sourceUris': ['gs://storage-capstone/olist_order_payments_dataset.csv'], 'writeDisposition': 'WRITE_TRUNCATE', 'ignoreUnknownValues': False, 'skipLeadingRows': None, 'fieldDelimiter': ',', 'quote': None, 'allowQuotedNewlines': False, 'encoding': 'UTF-8'}}
[2024-05-04T11:38:37.010+0000] {bigquery.py:1613} INFO - Inserting job ***_etl_gcs_to_bq_payments_2024_05_03T00_00_00_00_00_d49cbcbd9f67b09dbbd5492d185ed1f8
[2024-05-04T11:38:52.827+0000] {taskinstance.py:441} INFO - ::group::Post task execution logs
[2024-05-04T11:38:52.837+0000] {taskinstance.py:1205} INFO - Marking task as SUCCESS. dag_id=etl, task_id=gcs_to_bq_payments, execution_date=20240503T000000, start_date=20240504T113832, end_date=20240504T113852
[2024-05-04T11:38:52.898+0000] {local_task_job_runner.py:240} INFO - Task exited with return code 0
[2024-05-04T11:38:52.917+0000] {taskinstance.py:3482} INFO - 0 downstream tasks scheduled from follow-on schedule check
[2024-05-04T11:38:52.926+0000] {local_task_job_runner.py:222} INFO - ::endgroup::
