[2024-05-03T13:39:56.725+0000] {local_task_job_runner.py:120} INFO - ::group::Pre task execution logs
[2024-05-03T13:39:56.949+0000] {taskinstance.py:2073} INFO - Dependencies all met for dep_context=non-requeueable deps ti=<TaskInstance: etl.upload_file_reviews manual__2024-05-03T13:39:42.184579+00:00 [queued]>
[2024-05-03T13:39:56.993+0000] {taskinstance.py:2073} INFO - Dependencies all met for dep_context=requeueable deps ti=<TaskInstance: etl.upload_file_reviews manual__2024-05-03T13:39:42.184579+00:00 [queued]>
[2024-05-03T13:39:56.997+0000] {taskinstance.py:2303} INFO - Starting attempt 1 of 1
[2024-05-03T13:39:57.069+0000] {taskinstance.py:2327} INFO - Executing <Task(LocalFilesystemToGCSOperator): upload_file_reviews> on 2024-05-03 13:39:42.184579+00:00
[2024-05-03T13:39:57.153+0000] {logging_mixin.py:188} WARNING - /home/***/.local/lib/python3.12/site-packages/***/task/task_runner/standard_task_runner.py:61 DeprecationWarning: This process (pid=10299) is multi-threaded, use of fork() may lead to deadlocks in the child.
[2024-05-03T13:39:57.161+0000] {standard_task_runner.py:90} INFO - Running: ['***', 'tasks', 'run', 'etl', 'upload_file_reviews', 'manual__2024-05-03T13:39:42.184579+00:00', '--job-id', '91', '--raw', '--subdir', 'DAGS_FOLDER/etl.py', '--cfg-path', '/tmp/tmp157_9ew0']
[2024-05-03T13:39:57.167+0000] {standard_task_runner.py:91} INFO - Job 91: Subtask upload_file_reviews
[2024-05-03T13:39:57.177+0000] {standard_task_runner.py:63} INFO - Started process 10459 to run task
[2024-05-03T13:39:57.406+0000] {task_command.py:426} INFO - Running <TaskInstance: etl.upload_file_reviews manual__2024-05-03T13:39:42.184579+00:00 [running]> on host 0db60b1edb75
[2024-05-03T13:39:58.811+0000] {taskinstance.py:2644} INFO - Exporting env vars: AIRFLOW_CTX_DAG_OWNER='***' AIRFLOW_CTX_DAG_ID='etl' AIRFLOW_CTX_TASK_ID='upload_file_reviews' AIRFLOW_CTX_EXECUTION_DATE='2024-05-03T13:39:42.184579+00:00' AIRFLOW_CTX_TRY_NUMBER='1' AIRFLOW_CTX_DAG_RUN_ID='manual__2024-05-03T13:39:42.184579+00:00'
[2024-05-03T13:39:58.813+0000] {taskinstance.py:430} INFO - ::endgroup::
[2024-05-03T13:39:58.861+0000] {connection.py:274} WARNING - Connection schemes (type: google_cloud_platform) shall not contain '_' according to RFC3986.
[2024-05-03T13:39:58.873+0000] {base.py:84} INFO - Using connection ID 'my_gcp_conn' for task execution.
[2024-05-03T13:40:00.256+0000] {gcs.py:557} INFO - File /opt/***/dags/data/olist_order_reviews_dataset.csv uploaded to olist_order_reviews_dataset.csv in storage-capstone bucket
[2024-05-03T13:40:00.259+0000] {taskinstance.py:441} INFO - ::group::Post task execution logs
[2024-05-03T13:40:00.307+0000] {taskinstance.py:1205} INFO - Marking task as SUCCESS. dag_id=etl, task_id=upload_file_reviews, execution_date=20240503T133942, start_date=20240503T133956, end_date=20240503T134000
[2024-05-03T13:40:01.351+0000] {local_task_job_runner.py:240} INFO - Task exited with return code 0
[2024-05-03T13:40:01.727+0000] {taskinstance.py:3482} INFO - 0 downstream tasks scheduled from follow-on schedule check
[2024-05-03T13:40:01.746+0000] {local_task_job_runner.py:222} INFO - ::endgroup::
