[2024-05-04T11:43:07.583+0000] {local_task_job_runner.py:120} INFO - ::group::Pre task execution logs
[2024-05-04T11:43:07.692+0000] {taskinstance.py:2073} INFO - Dependencies all met for dep_context=non-requeueable deps ti=<TaskInstance: etl.gcs_to_bq_orders scheduled__2024-05-03T00:00:00+00:00 [queued]>
[2024-05-04T11:43:07.776+0000] {taskinstance.py:2073} INFO - Dependencies all met for dep_context=requeueable deps ti=<TaskInstance: etl.gcs_to_bq_orders scheduled__2024-05-03T00:00:00+00:00 [queued]>
[2024-05-04T11:43:07.776+0000] {taskinstance.py:2303} INFO - Starting attempt 6 of 6
[2024-05-04T11:43:07.882+0000] {taskinstance.py:2327} INFO - Executing <Task(GCSToBigQueryOperator): gcs_to_bq_orders> on 2024-05-03 00:00:00+00:00
[2024-05-04T11:43:08.007+0000] {standard_task_runner.py:90} INFO - Running: ['***', 'tasks', 'run', 'etl', 'gcs_to_bq_orders', 'scheduled__2024-05-03T00:00:00+00:00', '--job-id', '242', '--raw', '--subdir', 'DAGS_FOLDER/etl.py', '--cfg-path', '/tmp/tmprf7ttumk']
[2024-05-04T11:43:08.009+0000] {standard_task_runner.py:91} INFO - Job 242: Subtask gcs_to_bq_orders
[2024-05-04T11:43:08.023+0000] {logging_mixin.py:188} WARNING - /home/***/.local/lib/python3.12/site-packages/***/task/task_runner/standard_task_runner.py:61 DeprecationWarning: This process (pid=13573) is multi-threaded, use of fork() may lead to deadlocks in the child.
[2024-05-04T11:43:08.060+0000] {standard_task_runner.py:63} INFO - Started process 13710 to run task
[2024-05-04T11:43:08.372+0000] {task_command.py:426} INFO - Running <TaskInstance: etl.gcs_to_bq_orders scheduled__2024-05-03T00:00:00+00:00 [running]> on host d4c1d9b975b8
[2024-05-04T11:43:13.008+0000] {taskinstance.py:2644} INFO - Exporting env vars: AIRFLOW_CTX_DAG_OWNER='***' AIRFLOW_CTX_DAG_ID='etl' AIRFLOW_CTX_TASK_ID='gcs_to_bq_orders' AIRFLOW_CTX_EXECUTION_DATE='2024-05-03T00:00:00+00:00' AIRFLOW_CTX_TRY_NUMBER='6' AIRFLOW_CTX_DAG_RUN_ID='scheduled__2024-05-03T00:00:00+00:00'
[2024-05-04T11:43:13.009+0000] {taskinstance.py:430} INFO - ::endgroup::
[2024-05-04T11:43:13.426+0000] {connection.py:274} WARNING - Connection schemes (type: google_cloud_platform) shall not contain '_' according to RFC3986.
[2024-05-04T11:43:13.589+0000] {base.py:84} INFO - Using connection ID 'my_gcp_conn' for task execution.
[2024-05-04T11:43:13.591+0000] {gcs_to_bigquery.py:379} INFO - Using existing BigQuery table for storing data...
[2024-05-04T11:43:14.773+0000] {bigquery.py:2328} INFO - Project is not included in destination_project_dataset_table: order.olist_orders_dataset; using project "project-capstone-422211"
[2024-05-04T11:43:14.884+0000] {gcs_to_bigquery.py:383} INFO - Executing: {'load': {'autodetect': True, 'createDisposition': 'CREATE_IF_NEEDED', 'destinationTable': {'projectId': 'project-capstone-422211', 'datasetId': 'order', 'tableId': 'olist_orders_dataset'}, 'sourceFormat': 'CSV', 'sourceUris': ['gs://storage-capstone/olist_orders_dataset.csv'], 'writeDisposition': 'WRITE_TRUNCATE', 'ignoreUnknownValues': False, 'skipLeadingRows': None, 'fieldDelimiter': ',', 'quote': None, 'allowQuotedNewlines': False, 'encoding': 'UTF-8'}}
[2024-05-04T11:43:14.885+0000] {bigquery.py:1613} INFO - Inserting job ***_etl_gcs_to_bq_orders_2024_05_03T00_00_00_00_00_7be311e6f2e2bed6a1be8699c8bd9d8e
[2024-05-04T11:43:36.272+0000] {taskinstance.py:441} INFO - ::group::Post task execution logs
[2024-05-04T11:43:36.299+0000] {taskinstance.py:1205} INFO - Marking task as SUCCESS. dag_id=etl, task_id=gcs_to_bq_orders, execution_date=20240503T000000, start_date=20240504T114307, end_date=20240504T114336
[2024-05-04T11:43:36.462+0000] {local_task_job_runner.py:240} INFO - Task exited with return code 0
[2024-05-04T11:43:37.651+0000] {taskinstance.py:3482} INFO - 0 downstream tasks scheduled from follow-on schedule check
[2024-05-04T11:43:37.665+0000] {local_task_job_runner.py:222} INFO - ::endgroup::
