[2024-05-03T13:40:16.877+0000] {local_task_job_runner.py:120} INFO - ::group::Pre task execution logs
[2024-05-03T13:40:16.992+0000] {taskinstance.py:2073} INFO - Dependencies all met for dep_context=non-requeueable deps ti=<TaskInstance: etl.gcs_to_bq_sellers manual__2024-05-03T13:39:42.184579+00:00 [queued]>
[2024-05-03T13:40:17.049+0000] {taskinstance.py:2073} INFO - Dependencies all met for dep_context=requeueable deps ti=<TaskInstance: etl.gcs_to_bq_sellers manual__2024-05-03T13:39:42.184579+00:00 [queued]>
[2024-05-03T13:40:17.058+0000] {taskinstance.py:2303} INFO - Starting attempt 1 of 1
[2024-05-03T13:40:17.114+0000] {taskinstance.py:2327} INFO - Executing <Task(GCSToBigQueryOperator): gcs_to_bq_sellers> on 2024-05-03 13:39:42.184579+00:00
[2024-05-03T13:40:17.213+0000] {logging_mixin.py:188} WARNING - /home/***/.local/lib/python3.12/site-packages/***/task/task_runner/standard_task_runner.py:61 DeprecationWarning: This process (pid=10522) is multi-threaded, use of fork() may lead to deadlocks in the child.
[2024-05-03T13:40:17.236+0000] {standard_task_runner.py:63} INFO - Started process 10612 to run task
[2024-05-03T13:40:17.210+0000] {standard_task_runner.py:90} INFO - Running: ['***', 'tasks', 'run', 'etl', 'gcs_to_bq_sellers', 'manual__2024-05-03T13:39:42.184579+00:00', '--job-id', '102', '--raw', '--subdir', 'DAGS_FOLDER/etl.py', '--cfg-path', '/tmp/tmpuc3cvhy1']
[2024-05-03T13:40:17.247+0000] {standard_task_runner.py:91} INFO - Job 102: Subtask gcs_to_bq_sellers
[2024-05-03T13:40:17.442+0000] {task_command.py:426} INFO - Running <TaskInstance: etl.gcs_to_bq_sellers manual__2024-05-03T13:39:42.184579+00:00 [running]> on host 0db60b1edb75
[2024-05-03T13:40:19.993+0000] {taskinstance.py:2644} INFO - Exporting env vars: AIRFLOW_CTX_DAG_OWNER='***' AIRFLOW_CTX_DAG_ID='etl' AIRFLOW_CTX_TASK_ID='gcs_to_bq_sellers' AIRFLOW_CTX_EXECUTION_DATE='2024-05-03T13:39:42.184579+00:00' AIRFLOW_CTX_TRY_NUMBER='1' AIRFLOW_CTX_DAG_RUN_ID='manual__2024-05-03T13:39:42.184579+00:00'
[2024-05-03T13:40:19.994+0000] {taskinstance.py:430} INFO - ::endgroup::
[2024-05-03T13:40:20.076+0000] {connection.py:274} WARNING - Connection schemes (type: google_cloud_platform) shall not contain '_' according to RFC3986.
[2024-05-03T13:40:20.099+0000] {base.py:84} INFO - Using connection ID 'my_gcp_conn' for task execution.
[2024-05-03T13:40:20.100+0000] {gcs_to_bigquery.py:379} INFO - Using existing BigQuery table for storing data...
[2024-05-03T13:40:20.584+0000] {bigquery.py:2328} INFO - Project is not included in destination_project_dataset_table: order.olist_sellers_dataset; using project "project-capstone-422211"
[2024-05-03T13:40:20.591+0000] {gcs_to_bigquery.py:383} INFO - Executing: {'load': {'autodetect': True, 'createDisposition': 'CREATE_IF_NEEDED', 'destinationTable': {'projectId': 'project-capstone-422211', 'datasetId': 'order', 'tableId': 'olist_sellers_dataset'}, 'sourceFormat': 'CSV', 'sourceUris': ['gs://storage-capstone/olist_sellers_dataset.csv'], 'writeDisposition': 'WRITE_TRUNCATE', 'ignoreUnknownValues': False, 'skipLeadingRows': None, 'fieldDelimiter': ',', 'quote': None, 'allowQuotedNewlines': False, 'encoding': 'UTF-8'}}
[2024-05-03T13:40:20.593+0000] {bigquery.py:1613} INFO - Inserting job ***_etl_gcs_to_bq_sellers_2024_05_03T13_39_42_184579_00_00_acbe229f85e557369de00478fad6117b
[2024-05-03T13:40:35.874+0000] {taskinstance.py:441} INFO - ::group::Post task execution logs
[2024-05-03T13:40:35.905+0000] {taskinstance.py:1205} INFO - Marking task as SUCCESS. dag_id=etl, task_id=gcs_to_bq_sellers, execution_date=20240503T133942, start_date=20240503T134016, end_date=20240503T134035
[2024-05-03T13:40:35.959+0000] {local_task_job_runner.py:240} INFO - Task exited with return code 0
[2024-05-03T13:40:35.976+0000] {taskinstance.py:3482} INFO - 0 downstream tasks scheduled from follow-on schedule check
[2024-05-03T13:40:35.986+0000] {local_task_job_runner.py:222} INFO - ::endgroup::
